[2021-04-21 18:04:04,175] INFO [Controller id=0] Processing automatic preferred replica leader election (kafka.controller.KafkaController)
[2021-04-21 18:04:04,176] TRACE [Controller id=0] Checking need to trigger auto leader balancing (kafka.controller.KafkaController)
[2021-04-21 18:04:04,176] DEBUG [Controller id=0] Topics not in preferred replica for broker 0 HashMap() (kafka.controller.KafkaController)
[2021-04-21 18:04:04,176] TRACE [Controller id=0] Leader imbalance ratio for broker 0 is 0.0 (kafka.controller.KafkaController)
[2021-04-21 18:09:04,176] INFO [Controller id=0] Processing automatic preferred replica leader election (kafka.controller.KafkaController)
[2021-04-21 18:09:04,177] TRACE [Controller id=0] Checking need to trigger auto leader balancing (kafka.controller.KafkaController)
[2021-04-21 18:09:04,177] DEBUG [Controller id=0] Topics not in preferred replica for broker 0 HashMap() (kafka.controller.KafkaController)
[2021-04-21 18:09:04,177] TRACE [Controller id=0] Leader imbalance ratio for broker 0 is 0.0 (kafka.controller.KafkaController)
[2021-04-21 18:14:04,177] INFO [Controller id=0] Processing automatic preferred replica leader election (kafka.controller.KafkaController)
[2021-04-21 18:14:04,177] TRACE [Controller id=0] Checking need to trigger auto leader balancing (kafka.controller.KafkaController)
[2021-04-21 18:14:04,177] DEBUG [Controller id=0] Topics not in preferred replica for broker 0 HashMap() (kafka.controller.KafkaController)
[2021-04-21 18:14:04,177] TRACE [Controller id=0] Leader imbalance ratio for broker 0 is 0.0 (kafka.controller.KafkaController)
[2021-04-21 18:19:04,178] INFO [Controller id=0] Processing automatic preferred replica leader election (kafka.controller.KafkaController)
[2021-04-21 18:19:04,178] TRACE [Controller id=0] Checking need to trigger auto leader balancing (kafka.controller.KafkaController)
[2021-04-21 18:19:04,178] DEBUG [Controller id=0] Topics not in preferred replica for broker 0 HashMap() (kafka.controller.KafkaController)
[2021-04-21 18:19:04,178] TRACE [Controller id=0] Leader imbalance ratio for broker 0 is 0.0 (kafka.controller.KafkaController)
[2021-04-21 18:24:04,178] INFO [Controller id=0] Processing automatic preferred replica leader election (kafka.controller.KafkaController)
[2021-04-21 18:24:04,178] TRACE [Controller id=0] Checking need to trigger auto leader balancing (kafka.controller.KafkaController)
[2021-04-21 18:24:04,179] DEBUG [Controller id=0] Topics not in preferred replica for broker 0 HashMap() (kafka.controller.KafkaController)
[2021-04-21 18:24:04,179] TRACE [Controller id=0] Leader imbalance ratio for broker 0 is 0.0 (kafka.controller.KafkaController)
[2021-04-21 18:29:04,179] INFO [Controller id=0] Processing automatic preferred replica leader election (kafka.controller.KafkaController)
[2021-04-21 18:29:04,179] TRACE [Controller id=0] Checking need to trigger auto leader balancing (kafka.controller.KafkaController)
[2021-04-21 18:29:04,179] DEBUG [Controller id=0] Topics not in preferred replica for broker 0 HashMap() (kafka.controller.KafkaController)
[2021-04-21 18:29:04,179] TRACE [Controller id=0] Leader imbalance ratio for broker 0 is 0.0 (kafka.controller.KafkaController)
[2021-04-21 18:30:36,717] INFO [Controller id=0] Shutting down broker 0 (kafka.controller.KafkaController)
[2021-04-21 18:30:36,717] DEBUG [Controller id=0] All shutting down brokers: 0 (kafka.controller.KafkaController)
[2021-04-21 18:30:36,718] DEBUG [Controller id=0] Live brokers:  (kafka.controller.KafkaController)
[2021-04-21 18:30:36,735] TRACE [Controller id=0] All leaders = getAllTransactions-0 -> (Leader:0,ISR:0,LeaderEpoch:0,ControllerEpoch:1),addNotes-0 -> (Leader:0,ISR:0,LeaderEpoch:0,ControllerEpoch:1),settleUp-0 -> (Leader:0,ISR:0,LeaderEpoch:0,ControllerEpoch:1),updateProfile-0 -> (Leader:0,ISR:0,LeaderEpoch:0,ControllerEpoch:1),getAllYouOwe-0 -> (Leader:0,ISR:0,LeaderEpoch:0,ControllerEpoch:1),getDues-0 -> (Leader:0,ISR:0,LeaderEpoch:0,ControllerEpoch:1),addExpense-0 -> (Leader:0,ISR:0,LeaderEpoch:0,ControllerEpoch:1),signUp-0 -> (Leader:0,ISR:0,LeaderEpoch:0,ControllerEpoch:1),getGroupDetails-0 -> (Leader:0,ISR:0,LeaderEpoch:0,ControllerEpoch:1),changeGroupImage-0 -> (Leader:0,ISR:0,LeaderEpoch:0,ControllerEpoch:1),getGroupsDropdown-0 -> (Leader:0,ISR:0,LeaderEpoch:0,ControllerEpoch:1),login-0 -> (Leader:0,ISR:0,LeaderEpoch:0,ControllerEpoch:1),getDashboardDetails-0 -> (Leader:0,ISR:0,LeaderEpoch:0,ControllerEpoch:1),getTransaction-0 -> (Leader:0,ISR:0,LeaderEpoch:0,ControllerEpoch:1),getFilteredGroup-0 -> (Leader:0,ISR:0,LeaderEpoch:0,ControllerEpoch:1),createGroup-0 -> (Leader:0,ISR:0,LeaderEpoch:0,ControllerEpoch:1),deleteNotes-0 -> (Leader:0,ISR:0,LeaderEpoch:0,ControllerEpoch:1),getRecentActivities-0 -> (Leader:0,ISR:0,LeaderEpoch:0,ControllerEpoch:1),getFriends-0 -> (Leader:0,ISR:0,LeaderEpoch:0,ControllerEpoch:1),getAllYouAreOwed-0 -> (Leader:0,ISR:0,LeaderEpoch:0,ControllerEpoch:1),acceptInvites-0 -> (Leader:0,ISR:0,LeaderEpoch:0,ControllerEpoch:1),changeGroupName-0 -> (Leader:0,ISR:0,LeaderEpoch:0,ControllerEpoch:1),leaveGroup-0 -> (Leader:0,ISR:0,LeaderEpoch:0,ControllerEpoch:1),getProfile-0 -> (Leader:0,ISR:0,LeaderEpoch:0,ControllerEpoch:1),response_topic-0 -> (Leader:0,ISR:0,LeaderEpoch:0,ControllerEpoch:1),getInvites-0 -> (Leader:0,ISR:0,LeaderEpoch:0,ControllerEpoch:1),getActiveGroups-0 -> (Leader:0,ISR:0,LeaderEpoch:0,ControllerEpoch:1) (kafka.controller.KafkaController)
[2021-04-21 18:30:38,297] INFO [ControllerEventThread controllerId=0] Shutting down (kafka.controller.ControllerEventManager$ControllerEventThread)
[2021-04-21 18:30:38,298] INFO [ControllerEventThread controllerId=0] Shutdown completed (kafka.controller.ControllerEventManager$ControllerEventThread)
[2021-04-21 18:30:38,298] INFO [ControllerEventThread controllerId=0] Stopped (kafka.controller.ControllerEventManager$ControllerEventThread)
[2021-04-21 18:30:38,299] DEBUG [Controller id=0] Resigning (kafka.controller.KafkaController)
[2021-04-21 18:30:38,300] DEBUG [Controller id=0] Unregister BrokerModifications handler for Set(0) (kafka.controller.KafkaController)
[2021-04-21 18:30:38,304] INFO [PartitionStateMachine controllerId=0] Stopped partition state machine (kafka.controller.ZkPartitionStateMachine)
[2021-04-21 18:30:38,305] INFO [ReplicaStateMachine controllerId=0] Stopped replica state machine (kafka.controller.ZkReplicaStateMachine)
[2021-04-21 18:30:38,305] INFO [RequestSendThread controllerId=0] Shutting down (kafka.controller.RequestSendThread)
[2021-04-21 18:30:38,306] INFO [RequestSendThread controllerId=0] Shutdown completed (kafka.controller.RequestSendThread)
[2021-04-21 18:30:38,306] INFO [RequestSendThread controllerId=0] Stopped (kafka.controller.RequestSendThread)
[2021-04-21 18:30:38,309] INFO [Controller id=0] Resigned (kafka.controller.KafkaController)
