[2021-04-21 18:30:36,572] INFO Terminating process due to signal SIGINT (org.apache.kafka.common.utils.LoggingSignalHandler)
[2021-04-21 18:30:36,657] INFO [KafkaServer id=0] shutting down (kafka.server.KafkaServer)
[2021-04-21 18:30:36,665] INFO [KafkaServer id=0] Starting controlled shutdown (kafka.server.KafkaServer)
[2021-04-21 18:30:36,755] INFO [KafkaServer id=0] Controlled shutdown succeeded (kafka.server.KafkaServer)
[2021-04-21 18:30:36,832] INFO [/config/changes-event-process-thread]: Shutting down (kafka.common.ZkNodeChangeNotificationListener$ChangeEventProcessThread)
[2021-04-21 18:30:36,834] INFO [/config/changes-event-process-thread]: Stopped (kafka.common.ZkNodeChangeNotificationListener$ChangeEventProcessThread)
[2021-04-21 18:30:36,834] INFO [/config/changes-event-process-thread]: Shutdown completed (kafka.common.ZkNodeChangeNotificationListener$ChangeEventProcessThread)
[2021-04-21 18:30:36,835] INFO [SocketServer brokerId=0] Stopping socket server request processors (kafka.network.SocketServer)
[2021-04-21 18:30:36,853] INFO [SocketServer brokerId=0] Stopped socket server request processors (kafka.network.SocketServer)
[2021-04-21 18:30:36,861] INFO [data-plane Kafka Request Handler on Broker 0], shutting down (kafka.server.KafkaRequestHandlerPool)
[2021-04-21 18:30:36,865] INFO [data-plane Kafka Request Handler on Broker 0], shut down completely (kafka.server.KafkaRequestHandlerPool)
[2021-04-21 18:30:36,868] INFO [ExpirationReaper-0-AlterAcls]: Shutting down (kafka.server.DelayedOperationPurgatory$ExpiredOperationReaper)
[2021-04-21 18:30:36,888] INFO [ExpirationReaper-0-AlterAcls]: Stopped (kafka.server.DelayedOperationPurgatory$ExpiredOperationReaper)
[2021-04-21 18:30:36,888] INFO [ExpirationReaper-0-AlterAcls]: Shutdown completed (kafka.server.DelayedOperationPurgatory$ExpiredOperationReaper)
[2021-04-21 18:30:36,888] INFO [KafkaApi-0] Shutdown complete. (kafka.server.KafkaApis)
[2021-04-21 18:30:36,889] INFO [ExpirationReaper-0-topic]: Shutting down (kafka.server.DelayedOperationPurgatory$ExpiredOperationReaper)
[2021-04-21 18:30:36,953] INFO [ExpirationReaper-0-topic]: Stopped (kafka.server.DelayedOperationPurgatory$ExpiredOperationReaper)
[2021-04-21 18:30:36,953] INFO [ExpirationReaper-0-topic]: Shutdown completed (kafka.server.DelayedOperationPurgatory$ExpiredOperationReaper)
[2021-04-21 18:30:36,955] INFO [TransactionCoordinator id=0] Shutting down. (kafka.coordinator.transaction.TransactionCoordinator)
[2021-04-21 18:30:36,956] INFO [ProducerId Manager 0]: Shutdown complete: last producerId assigned 0 (kafka.coordinator.transaction.ProducerIdManager)
[2021-04-21 18:30:36,956] INFO [Transaction State Manager 0]: Shutdown complete (kafka.coordinator.transaction.TransactionStateManager)
[2021-04-21 18:30:36,956] INFO [Transaction Marker Channel Manager 0]: Shutting down (kafka.coordinator.transaction.TransactionMarkerChannelManager)
[2021-04-21 18:30:36,956] INFO [Transaction Marker Channel Manager 0]: Stopped (kafka.coordinator.transaction.TransactionMarkerChannelManager)
[2021-04-21 18:30:36,956] INFO [Transaction Marker Channel Manager 0]: Shutdown completed (kafka.coordinator.transaction.TransactionMarkerChannelManager)
[2021-04-21 18:30:36,957] INFO [TransactionCoordinator id=0] Shutdown complete. (kafka.coordinator.transaction.TransactionCoordinator)
[2021-04-21 18:30:36,958] INFO [GroupCoordinator 0]: Shutting down. (kafka.coordinator.group.GroupCoordinator)
[2021-04-21 18:30:36,958] INFO [ExpirationReaper-0-Heartbeat]: Shutting down (kafka.server.DelayedOperationPurgatory$ExpiredOperationReaper)
[2021-04-21 18:30:37,088] INFO [ExpirationReaper-0-Heartbeat]: Stopped (kafka.server.DelayedOperationPurgatory$ExpiredOperationReaper)
[2021-04-21 18:30:37,088] INFO [ExpirationReaper-0-Heartbeat]: Shutdown completed (kafka.server.DelayedOperationPurgatory$ExpiredOperationReaper)
[2021-04-21 18:30:37,089] INFO [ExpirationReaper-0-Rebalance]: Shutting down (kafka.server.DelayedOperationPurgatory$ExpiredOperationReaper)
[2021-04-21 18:30:37,288] INFO [ExpirationReaper-0-Rebalance]: Stopped (kafka.server.DelayedOperationPurgatory$ExpiredOperationReaper)
[2021-04-21 18:30:37,288] INFO [ExpirationReaper-0-Rebalance]: Shutdown completed (kafka.server.DelayedOperationPurgatory$ExpiredOperationReaper)
[2021-04-21 18:30:37,290] INFO [GroupCoordinator 0]: Shutdown complete. (kafka.coordinator.group.GroupCoordinator)
[2021-04-21 18:30:37,291] INFO [ReplicaManager broker=0] Shutting down (kafka.server.ReplicaManager)
[2021-04-21 18:30:37,292] INFO [LogDirFailureHandler]: Shutting down (kafka.server.ReplicaManager$LogDirFailureHandler)
[2021-04-21 18:30:37,292] INFO [LogDirFailureHandler]: Shutdown completed (kafka.server.ReplicaManager$LogDirFailureHandler)
[2021-04-21 18:30:37,292] INFO [LogDirFailureHandler]: Stopped (kafka.server.ReplicaManager$LogDirFailureHandler)
[2021-04-21 18:30:37,293] INFO [ReplicaFetcherManager on broker 0] shutting down (kafka.server.ReplicaFetcherManager)
[2021-04-21 18:30:37,296] INFO [ReplicaFetcherManager on broker 0] shutdown completed (kafka.server.ReplicaFetcherManager)
[2021-04-21 18:30:37,297] INFO [ReplicaAlterLogDirsManager on broker 0] shutting down (kafka.server.ReplicaAlterLogDirsManager)
[2021-04-21 18:30:37,298] INFO [ReplicaAlterLogDirsManager on broker 0] shutdown completed (kafka.server.ReplicaAlterLogDirsManager)
[2021-04-21 18:30:37,298] INFO [ExpirationReaper-0-Fetch]: Shutting down (kafka.server.DelayedOperationPurgatory$ExpiredOperationReaper)
[2021-04-21 18:30:37,337] INFO [ExpirationReaper-0-Fetch]: Stopped (kafka.server.DelayedOperationPurgatory$ExpiredOperationReaper)
[2021-04-21 18:30:37,337] INFO [ExpirationReaper-0-Fetch]: Shutdown completed (kafka.server.DelayedOperationPurgatory$ExpiredOperationReaper)
[2021-04-21 18:30:37,338] INFO [ExpirationReaper-0-Produce]: Shutting down (kafka.server.DelayedOperationPurgatory$ExpiredOperationReaper)
[2021-04-21 18:30:37,361] INFO [ExpirationReaper-0-Produce]: Stopped (kafka.server.DelayedOperationPurgatory$ExpiredOperationReaper)
[2021-04-21 18:30:37,361] INFO [ExpirationReaper-0-Produce]: Shutdown completed (kafka.server.DelayedOperationPurgatory$ExpiredOperationReaper)
[2021-04-21 18:30:37,362] INFO [ExpirationReaper-0-DeleteRecords]: Shutting down (kafka.server.DelayedOperationPurgatory$ExpiredOperationReaper)
[2021-04-21 18:30:37,464] INFO [ExpirationReaper-0-DeleteRecords]: Stopped (kafka.server.DelayedOperationPurgatory$ExpiredOperationReaper)
[2021-04-21 18:30:37,464] INFO [ExpirationReaper-0-DeleteRecords]: Shutdown completed (kafka.server.DelayedOperationPurgatory$ExpiredOperationReaper)
[2021-04-21 18:30:37,465] INFO [ExpirationReaper-0-ElectLeader]: Shutting down (kafka.server.DelayedOperationPurgatory$ExpiredOperationReaper)
[2021-04-21 18:30:37,581] INFO [ExpirationReaper-0-ElectLeader]: Stopped (kafka.server.DelayedOperationPurgatory$ExpiredOperationReaper)
[2021-04-21 18:30:37,581] INFO [ExpirationReaper-0-ElectLeader]: Shutdown completed (kafka.server.DelayedOperationPurgatory$ExpiredOperationReaper)
[2021-04-21 18:30:37,637] INFO [ReplicaManager broker=0] Shut down completely (kafka.server.ReplicaManager)
[2021-04-21 18:30:37,638] INFO [broker-0-to-controller-send-thread]: Shutting down (kafka.server.BrokerToControllerRequestThread)
[2021-04-21 18:30:37,639] INFO [broker-0-to-controller-send-thread]: Shutdown completed (kafka.server.BrokerToControllerRequestThread)
[2021-04-21 18:30:37,639] INFO [broker-0-to-controller-send-thread]: Shutdown completed (kafka.server.BrokerToControllerRequestThread)
[2021-04-21 18:30:37,639] INFO [broker-0-to-controller-send-thread]: Stopped (kafka.server.BrokerToControllerRequestThread)
[2021-04-21 18:30:37,640] INFO Shutting down. (kafka.log.LogManager)
[2021-04-21 18:30:37,765] INFO [ProducerStateManager partition=login-0] Writing producer snapshot at offset 46 (kafka.log.ProducerStateManager)
[2021-04-21 18:30:37,802] INFO [ProducerStateManager partition=getTransaction-0] Writing producer snapshot at offset 3 (kafka.log.ProducerStateManager)
[2021-04-21 18:30:37,847] INFO [ProducerStateManager partition=response_topic-0] Writing producer snapshot at offset 1358 (kafka.log.ProducerStateManager)
[2021-04-21 18:30:37,848] INFO [ProducerStateManager partition=getAllYouOwe-0] Writing producer snapshot at offset 89 (kafka.log.ProducerStateManager)
[2021-04-21 18:30:37,850] INFO [ProducerStateManager partition=getAllYouAreOwed-0] Writing producer snapshot at offset 89 (kafka.log.ProducerStateManager)
[2021-04-21 18:30:37,851] INFO [ProducerStateManager partition=changeGroupName-0] Writing producer snapshot at offset 14 (kafka.log.ProducerStateManager)
[2021-04-21 18:30:37,883] INFO [ProducerStateManager partition=getFriends-0] Writing producer snapshot at offset 92 (kafka.log.ProducerStateManager)
[2021-04-21 18:30:37,884] INFO [ProducerStateManager partition=createGroup-0] Writing producer snapshot at offset 1 (kafka.log.ProducerStateManager)
[2021-04-21 18:30:37,885] INFO [ProducerStateManager partition=getProfile-0] Writing producer snapshot at offset 40 (kafka.log.ProducerStateManager)
[2021-04-21 18:30:37,920] INFO [ProducerStateManager partition=changeGroupImage-0] Writing producer snapshot at offset 5 (kafka.log.ProducerStateManager)
[2021-04-21 18:30:37,948] INFO [ProducerStateManager partition=getActiveGroups-0] Writing producer snapshot at offset 95 (kafka.log.ProducerStateManager)
[2021-04-21 18:30:37,951] INFO [ProducerStateManager partition=getInvites-0] Writing producer snapshot at offset 95 (kafka.log.ProducerStateManager)
[2021-04-21 18:30:37,953] INFO [ProducerStateManager partition=getAllTransactions-0] Writing producer snapshot at offset 620 (kafka.log.ProducerStateManager)
[2021-04-21 18:30:37,981] INFO [ProducerStateManager partition=getRecentActivities-0] Writing producer snapshot at offset 25 (kafka.log.ProducerStateManager)
[2021-04-21 18:30:38,009] INFO [ProducerStateManager partition=getDashboardDetails-0] Writing producer snapshot at offset 89 (kafka.log.ProducerStateManager)
[2021-04-21 18:30:38,011] INFO [ProducerStateManager partition=signUp-0] Writing producer snapshot at offset 1 (kafka.log.ProducerStateManager)
[2021-04-21 18:30:38,015] INFO [ProducerStateManager partition=deleteNotes-0] Writing producer snapshot at offset 1 (kafka.log.ProducerStateManager)
[2021-04-21 18:30:38,018] INFO [ProducerStateManager partition=updateProfile-0] Writing producer snapshot at offset 4 (kafka.log.ProducerStateManager)
[2021-04-21 18:30:38,048] INFO [ProducerStateManager partition=getGroupsDropdown-0] Writing producer snapshot at offset 25 (kafka.log.ProducerStateManager)
[2021-04-21 18:30:38,296] INFO Shutdown complete. (kafka.log.LogManager)
[2021-04-21 18:30:38,310] INFO [feature-zk-node-event-process-thread]: Shutting down (kafka.server.FinalizedFeatureChangeListener$ChangeNotificationProcessorThread)
[2021-04-21 18:30:38,310] INFO [feature-zk-node-event-process-thread]: Shutdown completed (kafka.server.FinalizedFeatureChangeListener$ChangeNotificationProcessorThread)
[2021-04-21 18:30:38,310] INFO [feature-zk-node-event-process-thread]: Stopped (kafka.server.FinalizedFeatureChangeListener$ChangeNotificationProcessorThread)
[2021-04-21 18:30:38,328] INFO [ZooKeeperClient Kafka server] Closing. (kafka.zookeeper.ZooKeeperClient)
[2021-04-21 18:30:38,471] INFO Session: 0x1002d55855a0000 closed (org.apache.zookeeper.ZooKeeper)
[2021-04-21 18:30:38,471] INFO EventThread shut down for session: 0x1002d55855a0000 (org.apache.zookeeper.ClientCnxn)
[2021-04-21 18:30:38,472] INFO [ZooKeeperClient Kafka server] Closed. (kafka.zookeeper.ZooKeeperClient)
[2021-04-21 18:30:38,473] INFO [ThrottledChannelReaper-Fetch]: Shutting down (kafka.server.ClientQuotaManager$ThrottledChannelReaper)
[2021-04-21 18:30:38,843] INFO [ThrottledChannelReaper-Fetch]: Stopped (kafka.server.ClientQuotaManager$ThrottledChannelReaper)
[2021-04-21 18:30:38,843] INFO [ThrottledChannelReaper-Fetch]: Shutdown completed (kafka.server.ClientQuotaManager$ThrottledChannelReaper)
[2021-04-21 18:30:38,843] INFO [ThrottledChannelReaper-Produce]: Shutting down (kafka.server.ClientQuotaManager$ThrottledChannelReaper)
[2021-04-21 18:30:39,229] INFO [ThrottledChannelReaper-Produce]: Stopped (kafka.server.ClientQuotaManager$ThrottledChannelReaper)
[2021-04-21 18:30:39,229] INFO [ThrottledChannelReaper-Produce]: Shutdown completed (kafka.server.ClientQuotaManager$ThrottledChannelReaper)
[2021-04-21 18:30:39,230] INFO [ThrottledChannelReaper-Request]: Shutting down (kafka.server.ClientQuotaManager$ThrottledChannelReaper)
[2021-04-21 18:30:39,847] INFO [ThrottledChannelReaper-Request]: Stopped (kafka.server.ClientQuotaManager$ThrottledChannelReaper)
[2021-04-21 18:30:39,847] INFO [ThrottledChannelReaper-Request]: Shutdown completed (kafka.server.ClientQuotaManager$ThrottledChannelReaper)
[2021-04-21 18:30:39,847] INFO [ThrottledChannelReaper-ControllerMutation]: Shutting down (kafka.server.ClientQuotaManager$ThrottledChannelReaper)
[2021-04-21 18:30:40,843] INFO [ThrottledChannelReaper-ControllerMutation]: Stopped (kafka.server.ClientQuotaManager$ThrottledChannelReaper)
[2021-04-21 18:30:40,843] INFO [ThrottledChannelReaper-ControllerMutation]: Shutdown completed (kafka.server.ClientQuotaManager$ThrottledChannelReaper)
[2021-04-21 18:30:40,845] INFO [SocketServer brokerId=0] Shutting down socket server (kafka.network.SocketServer)
[2021-04-21 18:30:40,944] INFO [SocketServer brokerId=0] Shutdown completed (kafka.network.SocketServer)
[2021-04-21 18:30:40,945] INFO Metrics scheduler closed (org.apache.kafka.common.metrics.Metrics)
[2021-04-21 18:30:40,945] INFO Closing reporter org.apache.kafka.common.metrics.JmxReporter (org.apache.kafka.common.metrics.Metrics)
[2021-04-21 18:30:40,945] INFO Metrics reporters closed (org.apache.kafka.common.metrics.Metrics)
[2021-04-21 18:30:40,950] INFO Broker and topic stats closed (kafka.server.BrokerTopicStats)
[2021-04-21 18:30:40,950] INFO App info kafka.server for 0 unregistered (org.apache.kafka.common.utils.AppInfoParser)
[2021-04-21 18:30:40,951] INFO [KafkaServer id=0] shut down completed (kafka.server.KafkaServer)
